<?xml version="1.0" encoding="UTF-8"?>
<testsuite xmlns:xsi="http://www.w3.org/2001/XMLSchema-instance" xsi:noNamespaceSchemaLocation="https://maven.apache.org/surefire/maven-surefire-plugin/xsd/surefire-test-report-3.0.xsd" version="3.0" name="com.rinku.address.AddressServiceApplicationTests" time="18.238" tests="1" errors="0" skipped="0" failures="0">
  <properties>
[...]
</properties>
  <testcase name="contextLoads" classname="com.rinku.address.AddressServiceApplicationTests" time="0.915">
    <system-out><![CDATA[21:33:14.285 [main] INFO org.springframework.test.context.support.AnnotationConfigContextLoaderUtils -- Could not detect default configuration classes for test class [com.rinku.address.AddressServiceApplicationTests]: AddressServiceApplicationTests does not declare any static, non-private, non-final, nested classes annotated with @Configuration.
21:33:14.464 [main] INFO org.springframework.boot.test.context.SpringBootTestContextBootstrapper -- Found @SpringBootConfiguration com.rinku.address.AddressServiceApplication for test class com.rinku.address.AddressServiceApplicationTests
21:33:14.832 [main] INFO org.springframework.boot.devtools.restart.RestartApplicationListener -- Restart disabled due to context in which it is running

  .   ____          _            __ _ _
 /\\ / ___'_ __ _ _(_)_ __  __ _ \ \ \ \
( ( )\___ | '_ | '_| | '_ \/ _` | \ \ \ \
 \\/  ___)| |_)| | | | | || (_| |  ) ) ) )
  '  |____| .__|_| |_|_| |_\__, | / / / /
 =========|_|==============|___/=/_/_/_/

 :: Spring Boot ::                (v3.3.3)

2024-11-11T21:33:15.815+05:30  INFO 26400 --- [address-service] [           main] c.r.a.AddressServiceApplicationTests     : Starting AddressServiceApplicationTests using Java 17.0.11 with PID 26400 (started by rinyadav in C:\Users\rinyadav\Desktop\Pratice\Microservices\address)
2024-11-11T21:33:15.819+05:30  INFO 26400 --- [address-service] [           main] c.r.a.AddressServiceApplicationTests     : No active profile set, falling back to 1 default profile: "default"
2024-11-11T21:33:17.066+05:30  INFO 26400 --- [address-service] [           main] .s.d.r.c.RepositoryConfigurationDelegate : Bootstrapping Spring Data JPA repositories in DEFAULT mode.
2024-11-11T21:33:17.372+05:30  INFO 26400 --- [address-service] [           main] .s.d.r.c.RepositoryConfigurationDelegate : Finished Spring Data repository scanning in 293 ms. Found 1 JPA repository interface.
2024-11-11T21:33:18.185+05:30  INFO 26400 --- [address-service] [           main] o.s.cloud.context.scope.GenericScope     : BeanFactory id=ef510158-0cd6-3fad-ab54-df1ed62bdd30
2024-11-11T21:33:18.452+05:30  WARN 26400 --- [address-service] [           main] trationDelegate$BeanPostProcessorChecker : Bean 'org.springframework.cloud.client.loadbalancer.LoadBalancerAutoConfiguration$DeferringLoadBalancerInterceptorConfig' of type [org.springframework.cloud.client.loadbalancer.LoadBalancerAutoConfiguration$DeferringLoadBalancerInterceptorConfig] is not eligible for getting processed by all BeanPostProcessors (for example: not eligible for auto-proxying). The currently created BeanPostProcessor [lbRestClientPostProcessor] is declared through a non-static factory method on that class; consider declaring it as static instead.
2024-11-11T21:33:18.457+05:30  WARN 26400 --- [address-service] [           main] trationDelegate$BeanPostProcessorChecker : Bean 'deferringLoadBalancerInterceptor' of type [org.springframework.cloud.client.loadbalancer.DeferringLoadBalancerInterceptor] is not eligible for getting processed by all BeanPostProcessors (for example: not eligible for auto-proxying). Is this bean getting eagerly injected into a currently created BeanPostProcessor [lbRestClientPostProcessor]? Check the corresponding BeanPostProcessor declaration and its dependencies.
2024-11-11T21:33:18.889+05:30  INFO 26400 --- [address-service] [           main] o.hibernate.jpa.internal.util.LogHelper  : HHH000204: Processing PersistenceUnitInfo [name: default]
2024-11-11T21:33:19.008+05:30  INFO 26400 --- [address-service] [           main] org.hibernate.Version                    : HHH000412: Hibernate ORM core version 6.2.7.Final
2024-11-11T21:33:19.013+05:30  INFO 26400 --- [address-service] [           main] org.hibernate.cfg.Environment            : HHH000406: Using bytecode reflection optimizer
2024-11-11T21:33:19.535+05:30  INFO 26400 --- [address-service] [           main] o.h.b.i.BytecodeProviderInitiator        : HHH000021: Bytecode provider name : bytebuddy
2024-11-11T21:33:19.810+05:30  INFO 26400 --- [address-service] [           main] o.s.o.j.p.SpringPersistenceUnitInfo      : No LoadTimeWeaver setup: ignoring JPA class transformer
2024-11-11T21:33:19.848+05:30  INFO 26400 --- [address-service] [           main] com.zaxxer.hikari.HikariDataSource       : HikariPool-1 - Starting...
2024-11-11T21:33:22.173+05:30  INFO 26400 --- [address-service] [           main] com.zaxxer.hikari.pool.HikariPool        : HikariPool-1 - Added connection oracle.jdbc.driver.T4CConnection@425b5fe2
2024-11-11T21:33:22.177+05:30  INFO 26400 --- [address-service] [           main] com.zaxxer.hikari.HikariDataSource       : HikariPool-1 - Start completed.
2024-11-11T21:33:23.647+05:30  INFO 26400 --- [address-service] [           main] o.h.b.i.BytecodeProviderInitiator        : HHH000021: Bytecode provider name : bytebuddy
2024-11-11T21:33:24.536+05:30  INFO 26400 --- [address-service] [           main] o.h.e.t.j.p.i.JtaPlatformInitiator       : HHH000490: Using JtaPlatform implementation: [org.hibernate.engine.transaction.jta.platform.internal.NoJtaPlatform]
2024-11-11T21:33:28.374+05:30  INFO 26400 --- [address-service] [           main] j.LocalContainerEntityManagerFactoryBean : Initialized JPA EntityManagerFactory for persistence unit 'default'
2024-11-11T21:33:29.066+05:30  WARN 26400 --- [address-service] [           main] JpaBaseConfiguration$JpaWebConfiguration : spring.jpa.open-in-view is enabled by default. Therefore, database queries may be performed during view rendering. Explicitly configure spring.jpa.open-in-view to disable this warning
2024-11-11T21:33:31.105+05:30  INFO 26400 --- [address-service] [           main] DiscoveryClientOptionalArgsConfiguration : Eureka HTTP Client uses RestTemplate.
2024-11-11T21:33:31.184+05:30  WARN 26400 --- [address-service] [           main] iguration$LoadBalancerCaffeineWarnLogger : Spring Cloud LoadBalancer is currently working with the default cache. While this cache implementation is useful for development and tests, it's recommended to use Caffeine cache in production.You can switch to using Caffeine cache, by adding it and org.springframework.cache.caffeine.CaffeineCacheManager to the classpath.
2024-11-11T21:33:31.233+05:30  INFO 26400 --- [address-service] [           main] c.r.a.AddressServiceApplicationTests     : Started AddressServiceApplicationTests in 16.429 seconds (process running for 18.648)
]]></system-out>
  </testcase>
</testsuite>